21:23:16.867 [main] INFO  - launchBrowser is successfully executed
21:23:17.349 [main] INFO  - enterFullName is successfully executed
21:23:18.261 [main] INFO  - enterEmail is successfully executed
21:23:18.567 [main] INFO  - enterCurrentAddress is successfully executed
21:23:18.911 [main] INFO  - enterParmanentAddress is successfully executed
21:23:20.181 [main] INFO  - clickSubmit is successfully executed
21:23:20.295 [main] INFO  - verifyOutput is successfully executed
21:27:09.864 [main] INFO  - launchBrowser is successfully executed
21:27:09.988 [main] INFO  - enterFullName is successfully executed
21:27:10.352 [main] INFO  - enterEmail is successfully executed
21:27:10.947 [main] INFO  - enterCurrentAddress is successfully executed
21:27:11.156 [main] INFO  - enterParmanentAddress is successfully executed
21:27:12.377 [main] INFO  - clickSubmit is successfully executed
21:27:12.450 [main] INFO  - verifyOutput is successfully executed
22:01:17.469 [main] INFO  - launchBrowser is successfully executed
22:01:17.528 [main] INFO  - enterFullName is successfully executed
22:01:17.732 [main] INFO  - enterEmail is successfully executed
22:01:17.863 [main] INFO  - enterCurrentAddress is successfully executed
22:01:18.114 [main] INFO  - enterParmanentAddress is successfully executed
22:01:19.327 [main] INFO  - clickSubmit is successfully executed
22:01:19.420 [main] INFO  - verifyOutput is successfully executed
23:09:01.004 [main] INFO  - launchBrowser is successfully executed
23:09:01.073 [main] INFO  - enterFullName is successfully executed
23:09:01.287 [main] INFO  - enterEmail is successfully executed
23:09:01.503 [main] INFO  - enterCurrentAddress is successfully executed
23:09:01.765 [main] INFO  - enterParmanentAddress is successfully executed
23:09:02.940 [main] INFO  - clickSubmit is successfully executed
23:09:03.018 [main] INFO  - verifyOutput is successfully executed
23:11:36.330 [main] INFO  - launchBrowser is successfully executed
23:11:36.492 [main] INFO  - enterFullName is successfully executed
23:11:36.822 [main] INFO  - enterEmail is successfully executed
23:11:36.991 [main] INFO  - enterCurrentAddress is successfully executed
23:11:37.139 [main] INFO  - enterParmanentAddress is successfully executed
23:11:38.232 [main] INFO  - clickSubmit is successfully executed
23:11:38.284 [main] INFO  - verifyOutput is successfully executed
